<?xml version="1.0" encoding="UTF-8" ?>
<testsuite tests="1" failures="0" name="dao_first.TestDelete" time="2.612" errors="0" skipped="0">
  <properties>
    <property name="java.runtime.name" value="Java(TM) SE Runtime Environment"/>
    <property name="sun.boot.library.path" value="c:\Program Files\Java\jdk1.8.0_74\jre\bin"/>
    <property name="java.vm.version" value="25.74-b02"/>
    <property name="java.vm.vendor" value="Oracle Corporation"/>
    <property name="maven.multiModuleProjectDirectory" value="e:\PVT\Турагенство\MyTourAgency_first(01.12.2016 beforeSpring)\MyTourAgency_first"/>
    <property name="java.vendor.url" value="http://java.oracle.com/"/>
    <property name="path.separator" value=";"/>
    <property name="guice.disable.misplaced.annotation.check" value="true"/>
    <property name="java.vm.name" value="Java HotSpot(TM) 64-Bit Server VM"/>
    <property name="file.encoding.pkg" value="sun.io"/>
    <property name="user.script" value=""/>
    <property name="user.country" value="RU"/>
    <property name="sun.java.launcher" value="SUN_STANDARD"/>
    <property name="sun.os.patch.level" value="Service Pack 1"/>
    <property name="java.vm.specification.name" value="Java Virtual Machine Specification"/>
    <property name="user.dir" value="e:\PVT\Турагенство\MyTourAgency_first(01.12.2016 beforeSpring)\MyTourAgency_first"/>
    <property name="java.runtime.version" value="1.8.0_74-b02"/>
    <property name="java.awt.graphicsenv" value="sun.awt.Win32GraphicsEnvironment"/>
    <property name="java.endorsed.dirs" value="c:\Program Files\Java\jdk1.8.0_74\jre\lib\endorsed"/>
    <property name="os.arch" value="amd64"/>
    <property name="java.io.tmpdir" value="C:\Users\Den\AppData\Local\Temp\"/>
    <property name="line.separator" value="
"/>
    <property name="java.vm.specification.vendor" value="Oracle Corporation"/>
    <property name="user.variant" value=""/>
    <property name="os.name" value="Windows 7"/>
    <property name="classworlds.conf" value="c:\apache-maven-3.3.9\bin\m2.conf"/>
    <property name="sun.jnu.encoding" value="Cp1251"/>
    <property name="java.library.path" value="c:\Program Files\Java\jdk1.8.0_74\bin;C:\Windows\Sun\Java\bin;C:\Windows\system32;C:\Windows;C:\ProgramData\Oracle\Java\javapath;c:\Program Files\Java\jdk1.8.0_74\bin;c:\apache-maven-3.3.9\bin;C:\Program Files (x86)\Skype\Phone\;c:\Program Files\Java\jdk1.8.0_74\bin;C:\Program Files\Git\cmd;."/>
    <property name="java.specification.name" value="Java Platform API Specification"/>
    <property name="java.class.version" value="52.0"/>
    <property name="sun.management.compiler" value="HotSpot 64-Bit Tiered Compilers"/>
    <property name="os.version" value="6.1"/>
    <property name="user.home" value="C:\Users\Den"/>
    <property name="user.timezone" value="Europe/Kaliningrad"/>
    <property name="java.awt.printerjob" value="sun.awt.windows.WPrinterJob"/>
    <property name="java.specification.version" value="1.8"/>
    <property name="file.encoding" value="Cp1251"/>
    <property name="user.name" value="Den"/>
    <property name="java.class.path" value="c:\apache-maven-3.3.9\boot\plexus-classworlds-2.5.2.jar"/>
    <property name="java.vm.specification.version" value="1.8"/>
    <property name="sun.arch.data.model" value="64"/>
    <property name="java.home" value="c:\Program Files\Java\jdk1.8.0_74\jre"/>
    <property name="sun.java.command" value="org.codehaus.plexus.classworlds.launcher.Launcher clean install"/>
    <property name="java.specification.vendor" value="Oracle Corporation"/>
    <property name="user.language" value="ru"/>
    <property name="awt.toolkit" value="sun.awt.windows.WToolkit"/>
    <property name="java.vm.info" value="mixed mode"/>
    <property name="java.version" value="1.8.0_74"/>
    <property name="java.ext.dirs" value="c:\Program Files\Java\jdk1.8.0_74\jre\lib\ext;C:\Windows\Sun\Java\lib\ext"/>
    <property name="sun.boot.class.path" value="c:\Program Files\Java\jdk1.8.0_74\jre\lib\resources.jar;c:\Program Files\Java\jdk1.8.0_74\jre\lib\rt.jar;c:\Program Files\Java\jdk1.8.0_74\jre\lib\sunrsasign.jar;c:\Program Files\Java\jdk1.8.0_74\jre\lib\jsse.jar;c:\Program Files\Java\jdk1.8.0_74\jre\lib\jce.jar;c:\Program Files\Java\jdk1.8.0_74\jre\lib\charsets.jar;c:\Program Files\Java\jdk1.8.0_74\jre\lib\jfr.jar;c:\Program Files\Java\jdk1.8.0_74\jre\classes"/>
    <property name="sun.stderr.encoding" value="cp866"/>
    <property name="java.vendor" value="Oracle Corporation"/>
    <property name="maven.home" value="c:\apache-maven-3.3.9"/>
    <property name="file.separator" value="\"/>
    <property name="java.vendor.url.bug" value="http://bugreport.sun.com/bugreport/"/>
    <property name="sun.cpu.endian" value="little"/>
    <property name="sun.io.unicode.encoding" value="UnicodeLittle"/>
    <property name="sun.stdout.encoding" value="cp866"/>
    <property name="sun.desktop" value="windows"/>
    <property name="sun.cpu.isalist" value="amd64"/>
  </properties>
  <testcase classname="dao_first.TestDelete" name="test" time="2.612"/>
</testsuite>